#1 [internal] load local bake definitions
#1 reading from stdin 801B done
#1 DONE 0.0s

#2 [internal] load build definition from Dockerfile
#2 transferring dockerfile: 473B done
#2 DONE 0.0s

#3 [internal] load metadata for docker.io/library/node:20-alpine
#3 DONE 1.0s

#4 [internal] load .dockerignore
#4 transferring context: 2B done
#4 DONE 0.0s

#5 [1/6] FROM docker.io/library/node:20-alpine@sha256:09e2b3d9726018aecf269bd35325f46bf75046a643a66d28360ec71132750ec8
#5 resolve docker.io/library/node:20-alpine@sha256:09e2b3d9726018aecf269bd35325f46bf75046a643a66d28360ec71132750ec8 done
#5 sha256:b84d38c2ed5610a9544ddba1a8feb24733822e5c9409816c26c858d2a270efa7 445B / 445B 0.2s done
#5 sha256:f3e17969cb2d3834a243108c5903feec6ca60dc3607b03867527e15914e86f6a 0B / 1.26MB 0.2s
#5 sha256:8fb920e5d251bfb3a5bac54cb1ee6be01e588068fecdf867141fb05734cd3df8 0B / 43.12MB 0.2s
#5 ...

#6 [internal] load build context
#6 transferring context: 1.67MB 0.4s done
#6 DONE 0.4s

#5 [1/6] FROM docker.io/library/node:20-alpine@sha256:09e2b3d9726018aecf269bd35325f46bf75046a643a66d28360ec71132750ec8
#5 sha256:f3e17969cb2d3834a243108c5903feec6ca60dc3607b03867527e15914e86f6a 1.26MB / 1.26MB 0.4s done
#5 sha256:8fb920e5d251bfb3a5bac54cb1ee6be01e588068fecdf867141fb05734cd3df8 3.15MB / 43.12MB 0.8s
#5 sha256:8fb920e5d251bfb3a5bac54cb1ee6be01e588068fecdf867141fb05734cd3df8 6.29MB / 43.12MB 1.1s
#5 sha256:8fb920e5d251bfb3a5bac54cb1ee6be01e588068fecdf867141fb05734cd3df8 9.44MB / 43.12MB 1.4s
#5 sha256:8fb920e5d251bfb3a5bac54cb1ee6be01e588068fecdf867141fb05734cd3df8 13.63MB / 43.12MB 1.7s
#5 sha256:8fb920e5d251bfb3a5bac54cb1ee6be01e588068fecdf867141fb05734cd3df8 16.78MB / 43.12MB 2.0s
#5 sha256:8fb920e5d251bfb3a5bac54cb1ee6be01e588068fecdf867141fb05734cd3df8 19.92MB / 43.12MB 2.3s
#5 sha256:8fb920e5d251bfb3a5bac54cb1ee6be01e588068fecdf867141fb05734cd3df8 24.12MB / 43.12MB 2.6s
#5 sha256:8fb920e5d251bfb3a5bac54cb1ee6be01e588068fecdf867141fb05734cd3df8 28.31MB / 43.12MB 2.9s
#5 sha256:8fb920e5d251bfb3a5bac54cb1ee6be01e588068fecdf867141fb05734cd3df8 31.46MB / 43.12MB 3.2s
#5 sha256:8fb920e5d251bfb3a5bac54cb1ee6be01e588068fecdf867141fb05734cd3df8 35.65MB / 43.12MB 3.5s
#5 sha256:8fb920e5d251bfb3a5bac54cb1ee6be01e588068fecdf867141fb05734cd3df8 38.80MB / 43.12MB 3.8s
#5 sha256:8fb920e5d251bfb3a5bac54cb1ee6be01e588068fecdf867141fb05734cd3df8 43.12MB / 43.12MB 4.1s
#5 sha256:8fb920e5d251bfb3a5bac54cb1ee6be01e588068fecdf867141fb05734cd3df8 43.12MB / 43.12MB 4.1s done
#5 extracting sha256:8fb920e5d251bfb3a5bac54cb1ee6be01e588068fecdf867141fb05734cd3df8
#5 extracting sha256:8fb920e5d251bfb3a5bac54cb1ee6be01e588068fecdf867141fb05734cd3df8 0.4s done
#5 DONE 4.5s

#5 [1/6] FROM docker.io/library/node:20-alpine@sha256:09e2b3d9726018aecf269bd35325f46bf75046a643a66d28360ec71132750ec8
#5 extracting sha256:f3e17969cb2d3834a243108c5903feec6ca60dc3607b03867527e15914e86f6a 0.0s done
#5 extracting sha256:b84d38c2ed5610a9544ddba1a8feb24733822e5c9409816c26c858d2a270efa7 done
#5 DONE 4.6s

#7 [2/6] WORKDIR /app
#7 DONE 0.1s

#8 [3/6] COPY package.json package-lock.json* ./
#8 DONE 0.0s

#9 [4/6] RUN npm ci
#9 15.14 
#9 15.14 added 341 packages, and audited 342 packages in 15s
#9 15.14 
#9 15.14 141 packages are looking for funding
#9 15.14   run `npm fund` for details
#9 15.14 
#9 15.14 found 0 vulnerabilities
#9 15.14 npm notice
#9 15.14 npm notice New major version of npm available! 10.8.2 -> 11.11.0
#9 15.14 npm notice Changelog: https://github.com/npm/cli/releases/tag/v11.11.0
#9 15.14 npm notice To update run: npm install -g npm@11.11.0
#9 15.14 npm notice
#9 DONE 15.4s

#10 [5/6] COPY . .
#10 DONE 1.6s

#11 [6/6] RUN npm run build
#11 0.167 
#11 0.167 > frontend@0.1.0 build
#11 0.167 > next build
#11 0.167 
#11 0.447 ▲ Next.js 16.1.6 (Turbopack)
#11 0.447 
#11 0.461   Creating an optimized production build ...
#11 1.345 ✓ Compiled successfully in 735.4ms
#11 1.347   Running TypeScript ...
#11 1.396   Collecting page data using 11 workers ...
#11 1.605   Generating static pages using 11 workers (0/7) ...
#11 1.804   Generating static pages using 11 workers (1/7) 
#11 1.807   Generating static pages using 11 workers (3/7) 
#11 1.807   Generating static pages using 11 workers (5/7) 
#11 1.807 ✓ Generating static pages using 11 workers (7/7) in 201.8ms
#11 1.810   Finalizing page optimization ...
#11 1.816 
#11 1.817 Route (app)
#11 1.817 ┌ ○ /
#11 1.817 ├ ○ /_not-found
#11 1.817 ├ ○ /calendar
#11 1.817 ├ ○ /history
#11 1.817 └ ○ /onboarding
#11 1.817 
#11 1.817 
#11 1.817 ○  (Static)  prerendered as static content
#11 1.817 
#11 DONE 1.8s

#12 exporting to image
#12 exporting layers
#12 exporting layers 11.9s done
#12 exporting manifest sha256:d36cc6ee3173419e88c414cdfc23e6d2c06cec856777bd9d05792778f13e7cdb done
#12 exporting config sha256:18b83e75c831691e54a93a6f8ee4e697ff7a51d6abf9a0f6a407554e3299f4fc done
#12 exporting attestation manifest sha256:e521b29119cf76349bccf4a5ecb243f16e74efdc7852a65e79ca91038b140431 done
#12 exporting manifest list sha256:517fbb14862e486ca7c02c9685e50bdbac9e6b8bbb60e510a39a999cf4181e1e done
#12 naming to docker.io/library/my-cooking-assistant-frontend:latest done
#12 unpacking to docker.io/library/my-cooking-assistant-frontend:latest
#12 unpacking to docker.io/library/my-cooking-assistant-frontend:latest 3.6s done
#12 DONE 15.6s

#13 resolving provenance for metadata file
#13 DONE 0.0s
 frontend  Built
